[2020-03-09 17:08:03.907] [exthost] [info] extension host started
[2020-03-09 17:08:03.934] [exthost] [info] ExtensionService#_doActivateExtension vscode.debug-auto-launch {"startup":true,"extensionId":{"value":"vscode.debug-auto-launch","_lower":"vscode.debug-auto-launch"},"activationEvent":"*"}
[2020-03-09 17:08:03.935] [exthost] [info] ExtensionService#loadCommonJSModule file:///opt/visual-studio-code/resources/app/extensions/debug-auto-launch/dist/extension
[2020-03-09 17:08:03.942] [exthost] [info] ExtensionService#_doActivateExtension vscode.emmet {"startup":true,"extensionId":{"value":"vscode.emmet","_lower":"vscode.emmet"},"activationEvent":"*"}
[2020-03-09 17:08:03.942] [exthost] [info] ExtensionService#loadCommonJSModule file:///opt/visual-studio-code/resources/app/extensions/emmet/dist/extension
[2020-03-09 17:08:03.976] [exthost] [info] ExtensionService#_doActivateExtension vscode.git {"startup":true,"extensionId":{"value":"vscode.git","_lower":"vscode.git"},"activationEvent":"*"}
[2020-03-09 17:08:03.976] [exthost] [info] ExtensionService#loadCommonJSModule file:///opt/visual-studio-code/resources/app/extensions/git/dist/main
[2020-03-09 17:08:04.089] [exthost] [info] ExtensionService#_doActivateExtension vscode.merge-conflict {"startup":true,"extensionId":{"value":"vscode.merge-conflict","_lower":"vscode.merge-conflict"},"activationEvent":"*"}
[2020-03-09 17:08:04.089] [exthost] [info] ExtensionService#loadCommonJSModule file:///opt/visual-studio-code/resources/app/extensions/merge-conflict/dist/extension
[2020-03-09 17:08:04.104] [exthost] [info] ExtensionService#_doActivateExtension vscode.search-result {"startup":true,"extensionId":{"value":"vscode.search-result","_lower":"vscode.search-result"},"activationEvent":"*"}
[2020-03-09 17:08:04.104] [exthost] [info] ExtensionService#loadCommonJSModule file:///opt/visual-studio-code/resources/app/extensions/search-result/dist/extension.js
[2020-03-09 17:08:04.107] [exthost] [info] ExtensionService#_doActivateExtension vscode.vscode-account {"startup":true,"extensionId":{"value":"vscode.vscode-account","_lower":"vscode.vscode-account"},"activationEvent":"*"}
[2020-03-09 17:08:04.107] [exthost] [info] ExtensionService#loadCommonJSModule file:///opt/visual-studio-code/resources/app/extensions/vscode-account/dist/extension.js
[2020-03-09 17:08:04.111] [exthost] [info] ExtensionService#_doActivateExtension CoenraadS.bracket-pair-colorizer {"startup":true,"extensionId":{"value":"CoenraadS.bracket-pair-colorizer","_lower":"coenraads.bracket-pair-colorizer"},"activationEvent":"*"}
[2020-03-09 17:08:04.111] [exthost] [info] ExtensionService#loadCommonJSModule file:///home/arrdiss/.vscode/extensions/coenraads.bracket-pair-colorizer-1.0.61/out/src/extension
[2020-03-09 17:08:04.346] [exthost] [info] ExtensionService#_doActivateExtension KnisterPeter.vscode-github {"startup":true,"extensionId":{"value":"KnisterPeter.vscode-github","_lower":"knisterpeter.vscode-github"},"activationEvent":"*"}
[2020-03-09 17:08:04.346] [exthost] [info] ExtensionService#loadCommonJSModule file:///home/arrdiss/.vscode/extensions/knisterpeter.vscode-github-0.30.3/out/src/main
[2020-03-09 17:08:05.189] [exthost] [info] ExtensionService#_doActivateExtension Shan.code-settings-sync {"startup":true,"extensionId":{"value":"Shan.code-settings-sync","_lower":"shan.code-settings-sync"},"activationEvent":"*"}
[2020-03-09 17:08:05.189] [exthost] [info] ExtensionService#loadCommonJSModule file:///home/arrdiss/.vscode/extensions/shan.code-settings-sync-3.4.3/out/extension.js
[2020-03-09 17:08:05.354] [exthost] [info] ExtensionService#_doActivateExtension vscode-icons-team.vscode-icons {"startup":true,"extensionId":{"value":"vscode-icons-team.vscode-icons","_lower":"vscode-icons-team.vscode-icons"},"activationEvent":"*"}
[2020-03-09 17:08:05.354] [exthost] [info] ExtensionService#loadCommonJSModule file:///home/arrdiss/.vscode/extensions/vscode-icons-team.vscode-icons-10.0.0/dist/src/vscode-icons.bundle.js
[2020-03-09 17:08:05.404] [exthost] [info] eager extensions activated
[2020-03-09 17:11:48.544] [exthost] [info] extension host started
[2020-03-09 17:11:48.576] [exthost] [info] ExtensionService#_doActivateExtension vscode.debug-auto-launch {"startup":true,"extensionId":{"value":"vscode.debug-auto-launch","_lower":"vscode.debug-auto-launch"},"activationEvent":"*"}
[2020-03-09 17:11:48.577] [exthost] [info] ExtensionService#loadCommonJSModule file:///opt/visual-studio-code/resources/app/extensions/debug-auto-launch/dist/extension
[2020-03-09 17:11:48.583] [exthost] [info] ExtensionService#_doActivateExtension vscode.emmet {"startup":true,"extensionId":{"value":"vscode.emmet","_lower":"vscode.emmet"},"activationEvent":"*"}
[2020-03-09 17:11:48.583] [exthost] [info] ExtensionService#loadCommonJSModule file:///opt/visual-studio-code/resources/app/extensions/emmet/dist/extension
[2020-03-09 17:11:48.615] [exthost] [info] ExtensionService#_doActivateExtension vscode.git {"startup":true,"extensionId":{"value":"vscode.git","_lower":"vscode.git"},"activationEvent":"*"}
[2020-03-09 17:11:48.615] [exthost] [info] ExtensionService#loadCommonJSModule file:///opt/visual-studio-code/resources/app/extensions/git/dist/main
[2020-03-09 17:11:48.677] [exthost] [info] ExtensionService#_doActivateExtension vscode.merge-conflict {"startup":true,"extensionId":{"value":"vscode.merge-conflict","_lower":"vscode.merge-conflict"},"activationEvent":"*"}
[2020-03-09 17:11:48.677] [exthost] [info] ExtensionService#loadCommonJSModule file:///opt/visual-studio-code/resources/app/extensions/merge-conflict/dist/extension
[2020-03-09 17:11:48.681] [exthost] [info] ExtensionService#_doActivateExtension vscode.search-result {"startup":true,"extensionId":{"value":"vscode.search-result","_lower":"vscode.search-result"},"activationEvent":"*"}
[2020-03-09 17:11:48.682] [exthost] [info] ExtensionService#loadCommonJSModule file:///opt/visual-studio-code/resources/app/extensions/search-result/dist/extension.js
[2020-03-09 17:11:48.683] [exthost] [info] ExtensionService#_doActivateExtension vscode.vscode-account {"startup":true,"extensionId":{"value":"vscode.vscode-account","_lower":"vscode.vscode-account"},"activationEvent":"*"}
[2020-03-09 17:11:48.683] [exthost] [info] ExtensionService#loadCommonJSModule file:///opt/visual-studio-code/resources/app/extensions/vscode-account/dist/extension.js
[2020-03-09 17:11:48.687] [exthost] [info] ExtensionService#_doActivateExtension CoenraadS.bracket-pair-colorizer {"startup":true,"extensionId":{"value":"CoenraadS.bracket-pair-colorizer","_lower":"coenraads.bracket-pair-colorizer"},"activationEvent":"*"}
[2020-03-09 17:11:48.687] [exthost] [info] ExtensionService#loadCommonJSModule file:///home/arrdiss/.vscode/extensions/coenraads.bracket-pair-colorizer-1.0.61/out/src/extension
[2020-03-09 17:11:48.707] [exthost] [info] ExtensionService#_doActivateExtension KnisterPeter.vscode-github {"startup":true,"extensionId":{"value":"KnisterPeter.vscode-github","_lower":"knisterpeter.vscode-github"},"activationEvent":"*"}
[2020-03-09 17:11:48.707] [exthost] [info] ExtensionService#loadCommonJSModule file:///home/arrdiss/.vscode/extensions/knisterpeter.vscode-github-0.30.3/out/src/main
[2020-03-09 17:11:48.960] [exthost] [info] ExtensionService#_doActivateExtension Shan.code-settings-sync {"startup":true,"extensionId":{"value":"Shan.code-settings-sync","_lower":"shan.code-settings-sync"},"activationEvent":"*"}
[2020-03-09 17:11:48.960] [exthost] [info] ExtensionService#loadCommonJSModule file:///home/arrdiss/.vscode/extensions/shan.code-settings-sync-3.4.3/out/extension.js
[2020-03-09 17:11:49.095] [exthost] [info] ExtensionService#_doActivateExtension vscode-icons-team.vscode-icons {"startup":true,"extensionId":{"value":"vscode-icons-team.vscode-icons","_lower":"vscode-icons-team.vscode-icons"},"activationEvent":"*"}
[2020-03-09 17:11:49.095] [exthost] [info] ExtensionService#loadCommonJSModule file:///home/arrdiss/.vscode/extensions/vscode-icons-team.vscode-icons-10.0.0/dist/src/vscode-icons.bundle.js
[2020-03-09 17:11:49.119] [exthost] [info] eager extensions activated
[2020-03-09 17:12:10.111] [exthost] [info] ExtensionService#_doActivateExtension vscode.typescript-language-features {"startup":false,"extensionId":{"value":"vscode.typescript-language-features","_lower":"vscode.typescript-language-features"},"activationEvent":"onLanguage:javascript"}
[2020-03-09 17:12:10.112] [exthost] [info] ExtensionService#loadCommonJSModule file:///opt/visual-studio-code/resources/app/extensions/typescript-language-features/dist/extension
[2020-03-09 17:12:14.067] [exthost] [info] ExtensionService#_doActivateExtension vscode.html-language-features {"startup":false,"extensionId":{"value":"vscode.html-language-features","_lower":"vscode.html-language-features"},"activationEvent":"onLanguage:html"}
[2020-03-09 17:12:14.067] [exthost] [info] ExtensionService#loadCommonJSModule file:///opt/visual-studio-code/resources/app/extensions/html-language-features/client/dist/htmlMain
[2020-03-09 17:12:14.166] [exthost] [info] ExtensionService#_doActivateExtension mkaufman.HTMLHint {"startup":false,"extensionId":{"value":"mkaufman.HTMLHint","_lower":"mkaufman.htmlhint"},"activationEvent":"onLanguage:html"}
[2020-03-09 17:12:14.166] [exthost] [info] ExtensionService#loadCommonJSModule file:///home/arrdiss/.vscode/extensions/mkaufman.htmlhint-0.6.0/out/extension
[2020-03-09 17:12:14.893] [exthost] [info] ExtensionService#_doActivateExtension vscode.configuration-editing {"startup":false,"extensionId":{"value":"vscode.configuration-editing","_lower":"vscode.configuration-editing"},"activationEvent":"onLanguage:jsonc"}
[2020-03-09 17:12:14.893] [exthost] [info] ExtensionService#loadCommonJSModule file:///opt/visual-studio-code/resources/app/extensions/configuration-editing/dist/extension
[2020-03-09 17:12:14.951] [exthost] [info] ExtensionService#_doActivateExtension vscode.json-language-features {"startup":false,"extensionId":{"value":"vscode.json-language-features","_lower":"vscode.json-language-features"},"activationEvent":"onLanguage:jsonc"}
[2020-03-09 17:12:14.951] [exthost] [info] ExtensionService#loadCommonJSModule file:///opt/visual-studio-code/resources/app/extensions/json-language-features/client/dist/jsonMain
[2020-03-09 17:47:29.901] [exthost] [info] ExtensionService#_doActivateExtension vscode.extension-editing {"startup":false,"extensionId":{"value":"vscode.extension-editing","_lower":"vscode.extension-editing"},"activationEvent":"onLanguage:typescript"}
[2020-03-09 17:47:29.901] [exthost] [info] ExtensionService#loadCommonJSModule file:///opt/visual-studio-code/resources/app/extensions/extension-editing/dist/extension
