CODE SETTINGS SYNC UPLOAD SUMMARY
Version: 3.4.3
--------------------
GitHub Token: 897a**********
GitHub Gist: 8d56f6debeaf2ec3dbbf9a92108a4fad
GitHub Gist Type: Secret

Restarting Visual Studio Code may be required to apply color and file icon theme.
--------------------
Files Uploaded:
  extensions.json > extensions.json
  keybindings.json > keybindings.json
  settings.json > settings.json

Extensions Ignored:
  No extensions ignored.

Extensions Removed:
  No extensions removed.

Extensions Added:
  bracket-pair-colorizer v1.0.61
  code-settings-sync v3.4.3
  cpptools v0.26.3
  debugger-for-chrome v4.12.6
  ev3dev-browser v1.0.4
  HTMLHint v0.6.0
  python v2020.2.64397
  python v0.2.3
  view-in-browser v0.0.5
  vscode-css-formatter v1.0.1
  vscode-github v0.30.3
  vscode-icons v10.0.0
--------------------
Done.CODE SETTINGS SYNC UPLOAD SUMMARY
Version: 3.4.3
--------------------
GitHub Token: 897a**********
GitHub Gist: 8d56f6debeaf2ec3dbbf9a92108a4fad
GitHub Gist Type: Secret

Restarting Visual Studio Code may be required to apply color and file icon theme.
--------------------
Files Uploaded:
  extensions.json > extensions.json
  keybindings.json > keybindings.json
  settings.json > settings.json

Extensions Ignored:
  No extensions ignored.

Extensions Removed:
  No extensions removed.

Extensions Added:
  bracket-pair-colorizer v1.0.61
  code-settings-sync v3.4.3
  cpptools v0.26.3
  debugger-for-chrome v4.12.6
  ev3dev-browser v1.0.4
  HTMLHint v0.6.0
  python v2020.2.64397
  python v0.2.3
  view-in-browser v0.0.5
  vscode-css-formatter v1.0.1
  vscode-github v0.30.3
  vscode-icons v10.0.0
--------------------
Done.CODE SETTINGS SYNC UPLOAD SUMMARY
Version: 3.4.3
--------------------
GitHub Token: 897a**********
GitHub Gist: 8d56f6debeaf2ec3dbbf9a92108a4fad
GitHub Gist Type: Secret

Restarting Visual Studio Code may be required to apply color and file icon theme.
--------------------
Files Uploaded:
  extensions.json > extensions.json
  keybindings.json > keybindings.json
  settings.json > settings.json

Extensions Ignored:
  No extensions ignored.

Extensions Removed:
  No extensions removed.

Extensions Added:
  bracket-pair-colorizer v1.0.61
  code-settings-sync v3.4.3
  cpptools v0.26.3
  debugger-for-chrome v4.12.6
  ev3dev-browser v1.0.4
  HTMLHint v0.6.0
  python v2020.2.64397
  python v0.2.3
  view-in-browser v0.0.5
  vscode-css-formatter v1.0.1
  vscode-github v0.30.3
  vscode-icons v10.0.0
--------------------
Done.