00:00:00.000189 main     VirtualBox XPCOM Server 6.1.4 r136177 linux.amd64 (Feb 20 2020 13:12:18) release log
00:00:00.000192 main     Log opened 2020-03-06T19:04:05.467880000Z
00:00:00.000192 main     Build Type: release
00:00:00.000194 main     OS Product: Linux
00:00:00.000196 main     OS Release: 5.4.23-1-MANJARO
00:00:00.000197 main     OS Version: #1 SMP PREEMPT Fri Feb 28 22:45:29 UTC 2020
00:00:00.000222 main     DMI Product Name: Precision WorkStation T3500  
00:00:00.000234 main     DMI Product Version: 
00:00:00.000243 main     Firmware type: BIOS
00:00:00.000276 main     Host RAM: 7955MB (7.7GB) total, 5646MB (5.5GB) available
00:00:00.000279 main     Executable: /usr/lib/virtualbox/VBoxSVC
00:00:00.000279 main     Process ID: 10397
00:00:00.000280 main     Package type: LINUX_64BITS_GENERIC (OSE)
00:00:00.002002 main     IPC socket path: /tmp/.vbox-arrdiss-ipc/ipcd
00:00:00.108627 nspr-2   VirtualBox: object creation starts
00:00:00.108729 nspr-2   Home directory: '/home/arrdiss/.config/VirtualBox'
00:00:00.108874 nspr-2   Loading settings file "/home/arrdiss/.config/VirtualBox/VirtualBox.xml" with version "1.12-linux"
00:00:00.114811 nspr-2   NetIfAdpCtlOut: VBoxNetAdpCtl: Error while retrieving link speed for wlp0s29f7u3: VBoxNetAdpCtl: ioctl failed: Operation not supported
00:00:00.115305 nspr-2   HostDnsMonitor: initializing
00:00:00.115452 nspr-2   NAT: resolv.conf: nameserver 192.168.8.1
00:00:00.115472 nspr-2   HostDnsMonitor: updating information
00:00:00.115488 nspr-2   HostDnsMonitor: old information
00:00:00.115494 nspr-2     no server entries
00:00:00.115498 nspr-2     no domain set
00:00:00.115501 nspr-2     no search string entries
00:00:00.115505 nspr-2   HostDnsMonitor: new information
00:00:00.115508 nspr-2     server 1: 192.168.8.1
00:00:00.115513 nspr-2     no domain set
00:00:00.115516 nspr-2     no search string entries
00:00:00.169246 nspr-2   VD: VDInit finished with VINF_SUCCESS
00:00:00.169338 nspr-2   ERROR [COM]: aRC=NS_ERROR_FAILURE (0x80004005) aIID={027bc463-929c-40e8-bf16-fea557cd8e7e} aComponent={SystemPropertiesWrap} aText={Cannot determine default Guest Additions ISO location. Most likely they are not available}, preserve=false aResultDetail=0
00:00:00.174061 nspr-2   Loading settings file "/home/arrdiss/VirtualBox VMs/Arch/Arch.vbox" with version "1.16-linux"
00:00:00.177499 nspr-2   OCI: Local config file '/home/arrdiss/.config/VirtualBox/oci_config' does not exist
00:00:00.177525 nspr-2   OCI: Original config file '/home/arrdiss/.oci/config' does not exist
00:00:00.177534 nspr-2   OCI: Reading profiles finished with status NS_OK
00:00:00.177546 nspr-2   ExtPack: Created cloud provider 'OCI' (hrc=NS_OK)
00:00:00.177573 nspr-2   VirtualBox: object created
00:00:00.791708 nspr-4   WARNING [COM]: aRC=NS_ERROR_FAILURE (0x80004005) aIID={16ced992-5fdc-4aba-aff5-6a39bbd7c38b} aComponent={HostWrap} aText={Could not load the Host USB Proxy service: VERR_NOT_FOUND}, preserve=true  aResultDetail=0
00:00:00.920722 nspr-4   WARNING [COM]: aRC=NS_ERROR_FAILURE (0x80004005) aIID={16ced992-5fdc-4aba-aff5-6a39bbd7c38b} aComponent={HostWrap} aText={Could not load the Host USB Proxy service: VERR_NOT_FOUND}, preserve=true  aResultDetail=0
00:00:00.922281 nspr-4   WARNING [COM]: aRC=NS_ERROR_FAILURE (0x80004005) aIID={16ced992-5fdc-4aba-aff5-6a39bbd7c38b} aComponent={HostWrap} aText={Could not load the Host USB Proxy service: VERR_NOT_FOUND}, preserve=true  aResultDetail=0
00:00:09.142300 nspr-4   Launched VM: 2550146784 pid: 10419 (0x28b3) frontend: GUI/Qt name: Arch
00:00:09.207455 nspr-4   WARNING [COM]: aRC=NS_ERROR_FAILURE (0x80004005) aIID={16ced992-5fdc-4aba-aff5-6a39bbd7c38b} aComponent={HostWrap} aText={Could not load the Host USB Proxy service: VERR_NOT_FOUND}, preserve=true  aResultDetail=0
00:00:09.208997 nspr-4   WARNING [COM]: aRC=NS_ERROR_FAILURE (0x80004005) aIID={16ced992-5fdc-4aba-aff5-6a39bbd7c38b} aComponent={HostWrap} aText={Could not load the Host USB Proxy service: VERR_NOT_FOUND}, preserve=true  aResultDetail=0
00:00:09.483463 nspr-5   WARNING [COM]: aRC=NS_ERROR_FAILURE (0x80004005) aIID={16ced992-5fdc-4aba-aff5-6a39bbd7c38b} aComponent={HostWrap} aText={Could not load the Host USB Proxy service: VERR_NOT_FOUND}, preserve=true  aResultDetail=0
00:00:09.485076 nspr-6   WARNING [COM]: aRC=NS_ERROR_FAILURE (0x80004005) aIID={16ced992-5fdc-4aba-aff5-6a39bbd7c38b} aComponent={HostWrap} aText={Could not load the Host USB Proxy service: VERR_NOT_FOUND}, preserve=true  aResultDetail=0
00:00:09.827740 nspr-7   WARNING [COM]: aRC=NS_ERROR_FAILURE (0x80004005) aIID={16ced992-5fdc-4aba-aff5-6a39bbd7c38b} aComponent={HostWrap} aText={Could not load the Host USB Proxy service: VERR_NOT_FOUND}, preserve=true  aResultDetail=0
00:00:09.828977 nspr-7   WARNING [COM]: aRC=NS_ERROR_FAILURE (0x80004005) aIID={16ced992-5fdc-4aba-aff5-6a39bbd7c38b} aComponent={HostWrap} aText={Could not load the Host USB Proxy service: VERR_NOT_FOUND}, preserve=true  aResultDetail=0
00:00:09.829643 nspr-2   Load [/usr/lib/virtualbox/ExtensionPacks/Oracle_VM_VirtualBox_Extension_Pack/linux.amd64/VBoxHostWebcam.so] vrc=VINF_SUCCESS
00:00:09.830019 nspr-7   WARNING [COM]: aRC=NS_ERROR_FAILURE (0x80004005) aIID={16ced992-5fdc-4aba-aff5-6a39bbd7c38b} aComponent={HostWrap} aText={Could not load the Host USB Proxy service: VERR_NOT_FOUND}, preserve=true  aResultDetail=0
00:00:09.885248 nspr-4   WARNING [COM]: aRC=NS_ERROR_FAILURE (0x80004005) aIID={16ced992-5fdc-4aba-aff5-6a39bbd7c38b} aComponent={HostWrap} aText={Could not load the Host USB Proxy service: VERR_NOT_FOUND}, preserve=true  aResultDetail=0
00:00:09.886307 nspr-4   WARNING [COM]: aRC=NS_ERROR_FAILURE (0x80004005) aIID={16ced992-5fdc-4aba-aff5-6a39bbd7c38b} aComponent={HostWrap} aText={Could not load the Host USB Proxy service: VERR_NOT_FOUND}, preserve=true  aResultDetail=0
00:00:09.941942 nspr-4   ERROR [COM]: aRC=VBOX_E_IPRT_ERROR (0x80bb0005) aIID={85632c68-b5bb-4316-a900-5eb28d3413df} aComponent={SessionMachine} aText={Saved screenshot data is not available (VERR_NOT_SUPPORTED)}, preserve=false aResultDetail=-37
00:00:09.969473 nspr-4   NetIfAdpCtlOut: VBoxNetAdpCtl: Error while retrieving link speed for wlp0s29f7u3: VBoxNetAdpCtl: ioctl failed: Operation not supported
00:00:10.038714 nspr-5   WARNING [COM]: aRC=NS_ERROR_FAILURE (0x80004005) aIID={16ced992-5fdc-4aba-aff5-6a39bbd7c38b} aComponent={HostWrap} aText={Could not load the Host USB Proxy service: VERR_NOT_FOUND}, preserve=true  aResultDetail=0
00:00:10.067046 nspr-7   NetIfAdpCtlOut: VBoxNetAdpCtl: Error while retrieving link speed for wlp0s29f7u3: VBoxNetAdpCtl: ioctl failed: Operation not supported
00:00:10.087677 nspr-4   WARNING [COM]: aRC=NS_ERROR_FAILURE (0x80004005) aIID={16ced992-5fdc-4aba-aff5-6a39bbd7c38b} aComponent={HostWrap} aText={Could not load the Host USB Proxy service: VERR_NOT_FOUND}, preserve=true  aResultDetail=0
00:00:10.089212 nspr-5   WARNING [COM]: aRC=NS_ERROR_FAILURE (0x80004005) aIID={16ced992-5fdc-4aba-aff5-6a39bbd7c38b} aComponent={HostWrap} aText={Could not load the Host USB Proxy service: VERR_NOT_FOUND}, preserve=true  aResultDetail=0
00:00:11.029504 nspr-4   Saving settings file "/home/arrdiss/.config/VirtualBox/VirtualBox.xml" with version "1.12-linux"
00:00:11.080703 nspr-3   Saving settings file "/home/arrdiss/.config/VirtualBox/VirtualBox.xml" with version "1.12-linux"
00:05:36.424495 nspr-5   Saving settings file "/home/arrdiss/VirtualBox VMs/Arch/Arch.vbox" with version "1.16-linux"
00:05:37.016085 nspr-7   Saving settings file "/home/arrdiss/VirtualBox VMs/Arch/Arch.vbox" with version "1.16-linux"
00:05:42.573415 main     VirtualBox: object deletion starts
00:05:42.573473 main     ERROR [COM]: aRC=VBOX_E_OBJECT_IN_USE (0x80bb000c) aIID={ad47ad09-787b-44ab-b343-a082a3f2dfb1} aComponent={MediumWrap} aText={Medium '/home/arrdiss/VirtualBox VMs/Arch/Arch.vdi' cannot be closed because it is still attached to 1 virtual machines}, preserve=false aResultDetail=0
00:05:42.573795 main     HostDnsMonitor: shutting down ...
00:05:42.574387 main     HostDnsMonitor: shut down
00:05:42.931688 Watcher  ERROR [COM]: aRC=E_ACCESSDENIED (0x80070005) aIID={d0a0163f-e254-4e5b-a1f2-011cf991c38d} aComponent={VirtualBoxWrap} aText={The object is not ready}, preserve=false aResultDetail=0
00:05:47.574622 main     {00007fcd94018570} HostPowerServiceLinux::~HostPowerServiceLinux: RTThreadWait() for 5000 ms failed with VERR_TIMEOUT
00:05:47.575348 main     VirtualBox: object deleted
