[2020-03-04 22:10:29.012] [sharedprocess] [info] main {"machineId":"93168e707ea6cc807282fb995270d4c7ad4ce16c33fbdf91240e06501635f7d0","windowId":2}
[2020-03-04 22:10:59.571] [sharedprocess] [info] Installing extension: shan.code-settings-sync
[2020-03-04 22:11:01.125] [sharedprocess] [info] Downloaded extension: shan.code-settings-sync /tmp/052e217b-a446-4ed5-8678-fc7e859096cc
[2020-03-04 22:11:01.308] [sharedprocess] [info] Extracted extension to /home/arrdiss/.vscode/extensions/.shan.code-settings-sync-3.4.3: shan.code-settings-sync
[2020-03-04 22:11:01.309] [sharedprocess] [info] Renamed to /home/arrdiss/.vscode/extensions/shan.code-settings-sync-3.4.3
[2020-03-04 22:11:01.311] [sharedprocess] [info] Installation completed. shan.code-settings-sync
[2020-03-04 22:11:01.341] [sharedprocess] [info] Extensions installed successfully: shan.code-settings-sync
[2020-03-04 22:11:09.002] [sharedprocess] [info] Starting to clean up unused language packs.
[2020-03-04 22:11:54.921] [sharedprocess] [info] Installing extension: coenraads.bracket-pair-colorizer
[2020-03-04 22:11:56.120] [sharedprocess] [info] Downloaded extension: coenraads.bracket-pair-colorizer /tmp/e898f2f9-a6ca-4fcc-a938-eea7c059b641
[2020-03-04 22:11:56.907] [sharedprocess] [info] Extracted extension to /home/arrdiss/.vscode/extensions/.coenraads.bracket-pair-colorizer-1.0.61: coenraads.bracket-pair-colorizer
[2020-03-04 22:11:56.908] [sharedprocess] [info] Renamed to /home/arrdiss/.vscode/extensions/coenraads.bracket-pair-colorizer-1.0.61
[2020-03-04 22:11:56.909] [sharedprocess] [info] Installation completed. coenraads.bracket-pair-colorizer
[2020-03-04 22:11:56.942] [sharedprocess] [info] Extensions installed successfully: coenraads.bracket-pair-colorizer
[2020-03-04 22:11:57.218] [sharedprocess] [info] Installing extension: ms-vscode.cpptools
[2020-03-04 22:12:01.641] [sharedprocess] [info] Downloaded extension: ms-vscode.cpptools /tmp/c716aee0-556a-4a9c-ad1c-d549379f1a21
[2020-03-04 22:12:02.995] [sharedprocess] [info] Extracted extension to /home/arrdiss/.vscode/extensions/.ms-vscode.cpptools-0.26.3: ms-vscode.cpptools
[2020-03-04 22:12:02.995] [sharedprocess] [info] Renamed to /home/arrdiss/.vscode/extensions/ms-vscode.cpptools-0.26.3
[2020-03-04 22:12:02.999] [sharedprocess] [info] Installation completed. ms-vscode.cpptools
[2020-03-04 22:12:03.052] [sharedprocess] [info] Extensions installed successfully: ms-vscode.cpptools
[2020-03-04 22:12:03.418] [sharedprocess] [info] Installing extension: msjsdiag.debugger-for-chrome
[2020-03-04 22:12:08.844] [sharedprocess] [info] Downloaded extension: msjsdiag.debugger-for-chrome /tmp/3b6c04ec-08d0-4b0b-837c-ab5b128e2a8a
[2020-03-04 22:12:09.470] [sharedprocess] [info] Extracted extension to /home/arrdiss/.vscode/extensions/.msjsdiag.debugger-for-chrome-4.12.6: msjsdiag.debugger-for-chrome
[2020-03-04 22:12:09.471] [sharedprocess] [info] Renamed to /home/arrdiss/.vscode/extensions/msjsdiag.debugger-for-chrome-4.12.6
[2020-03-04 22:12:09.472] [sharedprocess] [info] Installation completed. msjsdiag.debugger-for-chrome
[2020-03-04 22:12:09.515] [sharedprocess] [info] Extensions installed successfully: msjsdiag.debugger-for-chrome
[2020-03-04 22:12:11.927] [sharedprocess] [info] Installing extension: ev3dev.ev3dev-browser
[2020-03-04 22:12:28.961] [sharedprocess] [info] Downloaded extension: ev3dev.ev3dev-browser /tmp/c494a051-f199-4ef5-a36f-ce2161435492
[2020-03-04 22:12:29.914] [sharedprocess] [info] Extracted extension to /home/arrdiss/.vscode/extensions/.ev3dev.ev3dev-browser-1.0.4: ev3dev.ev3dev-browser
[2020-03-04 22:12:29.914] [sharedprocess] [info] Renamed to /home/arrdiss/.vscode/extensions/ev3dev.ev3dev-browser-1.0.4
[2020-03-04 22:12:29.915] [sharedprocess] [info] Installation completed. ev3dev.ev3dev-browser
[2020-03-04 22:12:29.955] [sharedprocess] [info] Extensions installed successfully: ev3dev.ev3dev-browser
[2020-03-04 22:12:30.370] [sharedprocess] [info] Installing extension: mkaufman.htmlhint
[2020-03-04 22:12:37.984] [sharedprocess] [info] Downloaded extension: mkaufman.htmlhint /tmp/f09ef66b-49a4-4091-8805-a0320ee67321
[2020-03-04 22:12:40.581] [sharedprocess] [info] Extracted extension to /home/arrdiss/.vscode/extensions/.mkaufman.htmlhint-0.6.0: mkaufman.htmlhint
[2020-03-04 22:12:40.581] [sharedprocess] [info] Renamed to /home/arrdiss/.vscode/extensions/mkaufman.htmlhint-0.6.0
[2020-03-04 22:12:40.582] [sharedprocess] [info] Installation completed. mkaufman.htmlhint
[2020-03-04 22:12:40.626] [sharedprocess] [info] Extensions installed successfully: mkaufman.htmlhint
[2020-03-04 22:12:42.058] [sharedprocess] [info] Installing extension: ms-python.python
[2020-03-04 22:13:24.055] [sharedprocess] [info] Downloaded extension: ms-python.python /tmp/18f7c79c-7410-42dd-9abd-18a9472e6972
[2020-03-04 22:13:28.009] [sharedprocess] [info] Extracted extension to /home/arrdiss/.vscode/extensions/.ms-python.python-2020.2.64397: ms-python.python
[2020-03-04 22:13:28.009] [sharedprocess] [info] Renamed to /home/arrdiss/.vscode/extensions/ms-python.python-2020.2.64397
[2020-03-04 22:13:28.015] [sharedprocess] [info] Installation completed. ms-python.python
[2020-03-04 22:13:28.053] [sharedprocess] [info] Extensions installed successfully: ms-python.python
[2020-03-04 22:13:28.285] [sharedprocess] [info] Installing extension: tht13.python
[2020-03-04 22:13:28.872] [sharedprocess] [info] Downloaded extension: tht13.python /tmp/714f59eb-b3c1-4d07-af00-448e580315b9
[2020-03-04 22:13:29.017] [sharedprocess] [info] Extracted extension to /home/arrdiss/.vscode/extensions/.tht13.python-0.2.3: tht13.python
[2020-03-04 22:13:29.018] [sharedprocess] [info] Renamed to /home/arrdiss/.vscode/extensions/tht13.python-0.2.3
[2020-03-04 22:13:29.018] [sharedprocess] [info] Installation completed. tht13.python
[2020-03-04 22:13:29.044] [sharedprocess] [info] Extensions installed successfully: tht13.python
[2020-03-04 22:13:29.270] [sharedprocess] [info] Installing extension: qinjia.view-in-browser
[2020-03-04 22:13:30.130] [sharedprocess] [info] Downloaded extension: qinjia.view-in-browser /tmp/e1ce7dcf-6f3f-4ba3-b2f0-75db1155d9c4
[2020-03-04 22:13:30.157] [sharedprocess] [info] Extracted extension to /home/arrdiss/.vscode/extensions/.qinjia.view-in-browser-0.0.5: qinjia.view-in-browser
[2020-03-04 22:13:30.158] [sharedprocess] [info] Renamed to /home/arrdiss/.vscode/extensions/qinjia.view-in-browser-0.0.5
[2020-03-04 22:13:30.159] [sharedprocess] [info] Installation completed. qinjia.view-in-browser
[2020-03-04 22:13:30.187] [sharedprocess] [info] Extensions installed successfully: qinjia.view-in-browser
[2020-03-04 22:13:30.539] [sharedprocess] [info] Installing extension: aeschli.vscode-css-formatter
[2020-03-04 22:13:31.467] [sharedprocess] [info] Downloaded extension: aeschli.vscode-css-formatter /tmp/5aaf1e29-83ce-410e-886c-950d8b3402d3
[2020-03-04 22:13:31.720] [sharedprocess] [info] Extracted extension to /home/arrdiss/.vscode/extensions/.aeschli.vscode-css-formatter-1.0.1: aeschli.vscode-css-formatter
[2020-03-04 22:13:31.720] [sharedprocess] [info] Renamed to /home/arrdiss/.vscode/extensions/aeschli.vscode-css-formatter-1.0.1
[2020-03-04 22:13:31.721] [sharedprocess] [info] Installation completed. aeschli.vscode-css-formatter
[2020-03-04 22:13:31.756] [sharedprocess] [info] Extensions installed successfully: aeschli.vscode-css-formatter
[2020-03-04 22:13:31.995] [sharedprocess] [info] Installing extension: knisterpeter.vscode-github
[2020-03-04 22:13:34.525] [sharedprocess] [info] Downloaded extension: knisterpeter.vscode-github /tmp/591a4100-fb00-4e0e-b68c-2c34d945f346
[2020-03-04 22:13:35.422] [sharedprocess] [info] Extracted extension to /home/arrdiss/.vscode/extensions/.knisterpeter.vscode-github-0.30.3: knisterpeter.vscode-github
[2020-03-04 22:13:35.422] [sharedprocess] [info] Renamed to /home/arrdiss/.vscode/extensions/knisterpeter.vscode-github-0.30.3
[2020-03-04 22:13:35.423] [sharedprocess] [info] Installation completed. knisterpeter.vscode-github
[2020-03-04 22:13:35.664] [sharedprocess] [info] Extensions installed successfully: knisterpeter.vscode-github
[2020-03-04 22:13:35.944] [sharedprocess] [info] Installing extension: vscode-icons-team.vscode-icons
[2020-03-04 22:13:38.754] [sharedprocess] [info] Downloaded extension: vscode-icons-team.vscode-icons /tmp/869d4da2-b404-499f-a793-98edfde4642d
[2020-03-04 22:13:39.770] [sharedprocess] [info] Extracted extension to /home/arrdiss/.vscode/extensions/.vscode-icons-team.vscode-icons-10.0.0: vscode-icons-team.vscode-icons
[2020-03-04 22:13:39.770] [sharedprocess] [info] Renamed to /home/arrdiss/.vscode/extensions/vscode-icons-team.vscode-icons-10.0.0
[2020-03-04 22:13:39.771] [sharedprocess] [info] Installation completed. vscode-icons-team.vscode-icons
[2020-03-04 22:13:39.817] [sharedprocess] [info] Extensions installed successfully: vscode-icons-team.vscode-icons
